{"total": {"lines":{"total":2017,"covered":336,"skipped":0,"pct":16.65},"statements":{"total":2703,"covered":357,"skipped":0,"pct":13.2},"functions":{"total":351,"covered":32,"skipped":0,"pct":9.11},"branches":{"total":1093,"covered":62,"skipped":0,"pct":5.67},"branchesTrue":{"total":0,"covered":0,"skipped":0,"pct":100}}
,"D:\\AI\\開発\\master\\PaymentRequestWorkflowManagement\\src\\app.controller.ts": {"lines":{"total":6,"covered":0,"skipped":0,"pct":0},"functions":{"total":2,"covered":0,"skipped":0,"pct":0},"statements":{"total":8,"covered":0,"skipped":0,"pct":0},"branches":{"total":0,"covered":0,"skipped":0,"pct":100}}
,"D:\\AI\\開発\\master\\PaymentRequestWorkflowManagement\\src\\app.module.ts": {"lines":{"total":17,"covered":0,"skipped":0,"pct":0},"functions":{"total":1,"covered":0,"skipped":0,"pct":0},"statements":{"total":19,"covered":0,"skipped":0,"pct":0},"branches":{"total":2,"covered":0,"skipped":0,"pct":0}}
,"D:\\AI\\開発\\master\\PaymentRequestWorkflowManagement\\src\\app.service.ts": {"lines":{"total":3,"covered":0,"skipped":0,"pct":0},"functions":{"total":1,"covered":0,"skipped":0,"pct":0},"statements":{"total":5,"covered":0,"skipped":0,"pct":0},"branches":{"total":0,"covered":0,"skipped":0,"pct":100}}
,"D:\\AI\\開発\\master\\PaymentRequestWorkflowManagement\\src\\main.ts": {"lines":{"total":9,"covered":0,"skipped":0,"pct":0},"functions":{"total":1,"covered":0,"skipped":0,"pct":0},"statements":{"total":9,"covered":0,"skipped":0,"pct":0},"branches":{"total":4,"covered":0,"skipped":0,"pct":0}}
,"D:\\AI\\開発\\master\\PaymentRequestWorkflowManagement\\src\\.coverage-admin\\lcov-report\\block-navigation.js": {"lines":{"total":30,"covered":0,"skipped":0,"pct":0},"functions":{"total":6,"covered":0,"skipped":0,"pct":0},"statements":{"total":30,"covered":0,"skipped":0,"pct":0},"branches":{"total":19,"covered":0,"skipped":0,"pct":0}}
,"D:\\AI\\開発\\master\\PaymentRequestWorkflowManagement\\src\\.coverage-admin\\lcov-report\\prettify.js": {"lines":{"total":1,"covered":0,"skipped":0,"pct":0},"functions":{"total":29,"covered":0,"skipped":0,"pct":0},"statements":{"total":536,"covered":0,"skipped":0,"pct":0},"branches":{"total":286,"covered":0,"skipped":0,"pct":0}}
,"D:\\AI\\開発\\master\\PaymentRequestWorkflowManagement\\src\\.coverage-admin\\lcov-report\\sorter.js": {"lines":{"total":94,"covered":0,"skipped":0,"pct":0},"functions":{"total":19,"covered":0,"skipped":0,"pct":0},"statements":{"total":95,"covered":0,"skipped":0,"pct":0},"branches":{"total":26,"covered":0,"skipped":0,"pct":0}}
,"D:\\AI\\開発\\master\\PaymentRequestWorkflowManagement\\src\\config\\config.module.ts": {"lines":{"total":4,"covered":0,"skipped":0,"pct":0},"functions":{"total":0,"covered":0,"skipped":0,"pct":100},"statements":{"total":6,"covered":0,"skipped":0,"pct":0},"branches":{"total":0,"covered":0,"skipped":0,"pct":100}}
,"D:\\AI\\開発\\master\\PaymentRequestWorkflowManagement\\src\\config\\configuration.ts": {"lines":{"total":1,"covered":0,"skipped":0,"pct":0},"functions":{"total":1,"covered":0,"skipped":0,"pct":0},"statements":{"total":2,"covered":0,"skipped":0,"pct":0},"branches":{"total":44,"covered":0,"skipped":0,"pct":0}}
,"D:\\AI\\開発\\master\\PaymentRequestWorkflowManagement\\src\\config\\database.config.ts": {"lines":{"total":2,"covered":0,"skipped":0,"pct":0},"functions":{"total":1,"covered":0,"skipped":0,"pct":0},"statements":{"total":3,"covered":0,"skipped":0,"pct":0},"branches":{"total":10,"covered":0,"skipped":0,"pct":0}}
,"D:\\AI\\開発\\master\\PaymentRequestWorkflowManagement\\src\\config\\jwt.config.ts": {"lines":{"total":2,"covered":0,"skipped":0,"pct":0},"functions":{"total":1,"covered":0,"skipped":0,"pct":0},"statements":{"total":3,"covered":0,"skipped":0,"pct":0},"branches":{"total":6,"covered":0,"skipped":0,"pct":0}}
,"D:\\AI\\開発\\master\\PaymentRequestWorkflowManagement\\src\\config\\redis.config.ts": {"lines":{"total":2,"covered":0,"skipped":0,"pct":0},"functions":{"total":1,"covered":0,"skipped":0,"pct":0},"statements":{"total":3,"covered":0,"skipped":0,"pct":0},"branches":{"total":8,"covered":0,"skipped":0,"pct":0}}
,"D:\\AI\\開発\\master\\PaymentRequestWorkflowManagement\\src\\config\\validation.schema.ts": {"lines":{"total":2,"covered":0,"skipped":0,"pct":0},"functions":{"total":0,"covered":0,"skipped":0,"pct":100},"statements":{"total":2,"covered":0,"skipped":0,"pct":0},"branches":{"total":0,"covered":0,"skipped":0,"pct":100}}
,"D:\\AI\\開発\\master\\PaymentRequestWorkflowManagement\\src\\database\\clear-seed.ts": {"lines":{"total":30,"covered":0,"skipped":0,"pct":0},"functions":{"total":3,"covered":0,"skipped":0,"pct":0},"statements":{"total":31,"covered":0,"skipped":0,"pct":0},"branches":{"total":6,"covered":0,"skipped":0,"pct":0}}
,"D:\\AI\\開発\\master\\PaymentRequestWorkflowManagement\\src\\database\\seed.ts": {"lines":{"total":64,"covered":0,"skipped":0,"pct":0},"functions":{"total":8,"covered":0,"skipped":0,"pct":0},"statements":{"total":70,"covered":0,"skipped":0,"pct":0},"branches":{"total":21,"covered":0,"skipped":0,"pct":0}}
,"D:\\AI\\開発\\master\\PaymentRequestWorkflowManagement\\src\\modules\\accounting\\accounting.controller.ts": {"lines":{"total":17,"covered":0,"skipped":0,"pct":0},"functions":{"total":5,"covered":0,"skipped":0,"pct":0},"statements":{"total":19,"covered":0,"skipped":0,"pct":0},"branches":{"total":7,"covered":0,"skipped":0,"pct":0}}
,"D:\\AI\\開発\\master\\PaymentRequestWorkflowManagement\\src\\modules\\accounting\\accounting.module.ts": {"lines":{"total":5,"covered":0,"skipped":0,"pct":0},"functions":{"total":0,"covered":0,"skipped":0,"pct":100},"statements":{"total":7,"covered":0,"skipped":0,"pct":0},"branches":{"total":0,"covered":0,"skipped":0,"pct":100}}
,"D:\\AI\\開発\\master\\PaymentRequestWorkflowManagement\\src\\modules\\accounting\\accounting.service.ts": {"lines":{"total":94,"covered":0,"skipped":0,"pct":0},"functions":{"total":12,"covered":0,"skipped":0,"pct":0},"statements":{"total":97,"covered":0,"skipped":0,"pct":0},"branches":{"total":66,"covered":0,"skipped":0,"pct":0}}
,"D:\\AI\\開発\\master\\PaymentRequestWorkflowManagement\\src\\modules\\accounting\\dto\\accounting-requests.dto.ts": {"lines":{"total":3,"covered":0,"skipped":0,"pct":0},"functions":{"total":0,"covered":0,"skipped":0,"pct":100},"statements":{"total":3,"covered":0,"skipped":0,"pct":0},"branches":{"total":0,"covered":0,"skipped":0,"pct":100}}
,"D:\\AI\\開発\\master\\PaymentRequestWorkflowManagement\\src\\modules\\admin\\admin.controller.ts": {"lines":{"total":26,"covered":26,"skipped":0,"pct":100},"functions":{"total":8,"covered":8,"skipped":0,"pct":100},"statements":{"total":28,"covered":28,"skipped":0,"pct":100},"branches":{"total":6,"covered":6,"skipped":0,"pct":100}}
,"D:\\AI\\開発\\master\\PaymentRequestWorkflowManagement\\src\\modules\\admin\\admin.module.ts": {"lines":{"total":5,"covered":0,"skipped":0,"pct":0},"functions":{"total":0,"covered":0,"skipped":0,"pct":100},"statements":{"total":7,"covered":0,"skipped":0,"pct":0},"branches":{"total":0,"covered":0,"skipped":0,"pct":100}}
,"D:\\AI\\開発\\master\\PaymentRequestWorkflowManagement\\src\\modules\\admin\\admin.service.ts": {"lines":{"total":115,"covered":108,"skipped":0,"pct":93.91},"functions":{"total":14,"covered":14,"skipped":0,"pct":100},"statements":{"total":117,"covered":110,"skipped":0,"pct":94.01},"branches":{"total":48,"covered":42,"skipped":0,"pct":87.5}}
,"D:\\AI\\開発\\master\\PaymentRequestWorkflowManagement\\src\\modules\\admin\\dto\\audit-log-query.dto.ts": {"lines":{"total":13,"covered":10,"skipped":0,"pct":76.92},"functions":{"total":4,"covered":0,"skipped":0,"pct":0},"statements":{"total":15,"covered":10,"skipped":0,"pct":66.66},"branches":{"total":0,"covered":0,"skipped":0,"pct":100}}
,"D:\\AI\\開発\\master\\PaymentRequestWorkflowManagement\\src\\modules\\admin\\dto\\create-user.dto.ts": {"lines":{"total":17,"covered":11,"skipped":0,"pct":64.7},"functions":{"total":6,"covered":0,"skipped":0,"pct":0},"statements":{"total":17,"covered":11,"skipped":0,"pct":64.7},"branches":{"total":12,"covered":0,"skipped":0,"pct":0}}
,"D:\\AI\\開発\\master\\PaymentRequestWorkflowManagement\\src\\modules\\admin\\dto\\reset-password.dto.ts": {"lines":{"total":1,"covered":0,"skipped":0,"pct":0},"functions":{"total":0,"covered":0,"skipped":0,"pct":100},"statements":{"total":1,"covered":0,"skipped":0,"pct":0},"branches":{"total":0,"covered":0,"skipped":0,"pct":100}}
,"D:\\AI\\開発\\master\\PaymentRequestWorkflowManagement\\src\\modules\\admin\\dto\\update-user.dto.ts": {"lines":{"total":11,"covered":8,"skipped":0,"pct":72.72},"functions":{"total":3,"covered":0,"skipped":0,"pct":0},"statements":{"total":11,"covered":8,"skipped":0,"pct":72.72},"branches":{"total":6,"covered":0,"skipped":0,"pct":0}}
,"D:\\AI\\開発\\master\\PaymentRequestWorkflowManagement\\src\\modules\\applicant\\applicant.controller.ts": {"lines":{"total":70,"covered":0,"skipped":0,"pct":0},"functions":{"total":17,"covered":0,"skipped":0,"pct":0},"statements":{"total":72,"covered":0,"skipped":0,"pct":0},"branches":{"total":16,"covered":0,"skipped":0,"pct":0}}
,"D:\\AI\\開発\\master\\PaymentRequestWorkflowManagement\\src\\modules\\applicant\\applicant.gateway.ts": {"lines":{"total":18,"covered":0,"skipped":0,"pct":0},"functions":{"total":5,"covered":0,"skipped":0,"pct":0},"statements":{"total":20,"covered":0,"skipped":0,"pct":0},"branches":{"total":0,"covered":0,"skipped":0,"pct":100}}
,"D:\\AI\\開発\\master\\PaymentRequestWorkflowManagement\\src\\modules\\applicant\\applicant.module.ts": {"lines":{"total":12,"covered":0,"skipped":0,"pct":0},"functions":{"total":0,"covered":0,"skipped":0,"pct":100},"statements":{"total":14,"covered":0,"skipped":0,"pct":0},"branches":{"total":0,"covered":0,"skipped":0,"pct":100}}
,"D:\\AI\\開発\\master\\PaymentRequestWorkflowManagement\\src\\modules\\applicant\\applicant.service.ts": {"lines":{"total":262,"covered":0,"skipped":0,"pct":0},"functions":{"total":34,"covered":0,"skipped":0,"pct":0},"statements":{"total":281,"covered":0,"skipped":0,"pct":0},"branches":{"total":137,"covered":0,"skipped":0,"pct":0}}
,"D:\\AI\\開発\\master\\PaymentRequestWorkflowManagement\\src\\modules\\applicant\\dto\\breakdown-item.dto.ts": {"lines":{"total":11,"covered":0,"skipped":0,"pct":0},"functions":{"total":2,"covered":0,"skipped":0,"pct":0},"statements":{"total":11,"covered":0,"skipped":0,"pct":0},"branches":{"total":4,"covered":0,"skipped":0,"pct":0}}
,"D:\\AI\\開発\\master\\PaymentRequestWorkflowManagement\\src\\modules\\applicant\\dto\\create-payment-request.dto.ts": {"lines":{"total":21,"covered":0,"skipped":0,"pct":0},"functions":{"total":4,"covered":0,"skipped":0,"pct":0},"statements":{"total":21,"covered":0,"skipped":0,"pct":0},"branches":{"total":6,"covered":0,"skipped":0,"pct":0}}
,"D:\\AI\\開発\\master\\PaymentRequestWorkflowManagement\\src\\modules\\applicant\\dto\\payment-request-response.dto.ts": {"lines":{"total":4,"covered":0,"skipped":0,"pct":0},"functions":{"total":0,"covered":0,"skipped":0,"pct":100},"statements":{"total":4,"covered":0,"skipped":0,"pct":0},"branches":{"total":0,"covered":0,"skipped":0,"pct":100}}
,"D:\\AI\\開発\\master\\PaymentRequestWorkflowManagement\\src\\modules\\applicant\\dto\\submit-manager.dto.ts": {"lines":{"total":3,"covered":0,"skipped":0,"pct":0},"functions":{"total":0,"covered":0,"skipped":0,"pct":100},"statements":{"total":3,"covered":0,"skipped":0,"pct":0},"branches":{"total":0,"covered":0,"skipped":0,"pct":100}}
,"D:\\AI\\開発\\master\\PaymentRequestWorkflowManagement\\src\\modules\\applicant\\dto\\update-payment-request.dto.ts": {"lines":{"total":2,"covered":0,"skipped":0,"pct":0},"functions":{"total":0,"covered":0,"skipped":0,"pct":100},"statements":{"total":2,"covered":0,"skipped":0,"pct":0},"branches":{"total":0,"covered":0,"skipped":0,"pct":100}}
,"D:\\AI\\開発\\master\\PaymentRequestWorkflowManagement\\src\\modules\\applicant\\dto\\upload-receipt.dto.ts": {"lines":{"total":3,"covered":0,"skipped":0,"pct":0},"functions":{"total":0,"covered":0,"skipped":0,"pct":100},"statements":{"total":3,"covered":0,"skipped":0,"pct":0},"branches":{"total":0,"covered":0,"skipped":0,"pct":100}}
,"D:\\AI\\開発\\master\\PaymentRequestWorkflowManagement\\src\\modules\\applicant\\guards\\ownership.guard.ts": {"lines":{"total":8,"covered":0,"skipped":0,"pct":0},"functions":{"total":1,"covered":0,"skipped":0,"pct":0},"statements":{"total":10,"covered":0,"skipped":0,"pct":0},"branches":{"total":1,"covered":0,"skipped":0,"pct":0}}
,"D:\\AI\\開発\\master\\PaymentRequestWorkflowManagement\\src\\modules\\approver\\approver.controller.ts": {"lines":{"total":26,"covered":0,"skipped":0,"pct":0},"functions":{"total":6,"covered":0,"skipped":0,"pct":0},"statements":{"total":28,"covered":0,"skipped":0,"pct":0},"branches":{"total":6,"covered":0,"skipped":0,"pct":0}}
,"D:\\AI\\開発\\master\\PaymentRequestWorkflowManagement\\src\\modules\\approver\\approver.module.ts": {"lines":{"total":5,"covered":0,"skipped":0,"pct":0},"functions":{"total":0,"covered":0,"skipped":0,"pct":100},"statements":{"total":7,"covered":0,"skipped":0,"pct":0},"branches":{"total":0,"covered":0,"skipped":0,"pct":100}}
,"D:\\AI\\開発\\master\\PaymentRequestWorkflowManagement\\src\\modules\\approver\\approver.service.ts": {"lines":{"total":182,"covered":0,"skipped":0,"pct":0},"functions":{"total":22,"covered":0,"skipped":0,"pct":0},"statements":{"total":185,"covered":0,"skipped":0,"pct":0},"branches":{"total":147,"covered":0,"skipped":0,"pct":0}}
,"D:\\AI\\開発\\master\\PaymentRequestWorkflowManagement\\src\\modules\\approver\\dto\\approve-payment-request.dto.ts": {"lines":{"total":4,"covered":0,"skipped":0,"pct":0},"functions":{"total":0,"covered":0,"skipped":0,"pct":100},"statements":{"total":4,"covered":0,"skipped":0,"pct":0},"branches":{"total":0,"covered":0,"skipped":0,"pct":100}}
,"D:\\AI\\開発\\master\\PaymentRequestWorkflowManagement\\src\\modules\\approver\\dto\\query-approver-requests.dto.ts": {"lines":{"total":21,"covered":0,"skipped":0,"pct":0},"functions":{"total":5,"covered":0,"skipped":0,"pct":0},"statements":{"total":22,"covered":0,"skipped":0,"pct":0},"branches":{"total":2,"covered":0,"skipped":0,"pct":0}}
,"D:\\AI\\開発\\master\\PaymentRequestWorkflowManagement\\src\\modules\\approver\\dto\\reject-payment-request.dto.ts": {"lines":{"total":3,"covered":0,"skipped":0,"pct":0},"functions":{"total":0,"covered":0,"skipped":0,"pct":100},"statements":{"total":3,"covered":0,"skipped":0,"pct":0},"branches":{"total":0,"covered":0,"skipped":0,"pct":100}}
,"D:\\AI\\開発\\master\\PaymentRequestWorkflowManagement\\src\\modules\\auth\\auth.controller.ts": {"lines":{"total":15,"covered":0,"skipped":0,"pct":0},"functions":{"total":4,"covered":0,"skipped":0,"pct":0},"statements":{"total":17,"covered":0,"skipped":0,"pct":0},"branches":{"total":0,"covered":0,"skipped":0,"pct":100}}
,"D:\\AI\\開発\\master\\PaymentRequestWorkflowManagement\\src\\modules\\auth\\auth.module.ts": {"lines":{"total":12,"covered":0,"skipped":0,"pct":0},"functions":{"total":1,"covered":0,"skipped":0,"pct":0},"statements":{"total":14,"covered":0,"skipped":0,"pct":0},"branches":{"total":0,"covered":0,"skipped":0,"pct":100}}
,"D:\\AI\\開発\\master\\PaymentRequestWorkflowManagement\\src\\modules\\auth\\auth.service.ts": {"lines":{"total":20,"covered":0,"skipped":0,"pct":0},"functions":{"total":4,"covered":0,"skipped":0,"pct":0},"statements":{"total":22,"covered":0,"skipped":0,"pct":0},"branches":{"total":5,"covered":0,"skipped":0,"pct":0}}
,"D:\\AI\\開発\\master\\PaymentRequestWorkflowManagement\\src\\modules\\auth\\dto\\auth-response.dto.ts": {"lines":{"total":1,"covered":0,"skipped":0,"pct":0},"functions":{"total":0,"covered":0,"skipped":0,"pct":100},"statements":{"total":1,"covered":0,"skipped":0,"pct":0},"branches":{"total":0,"covered":0,"skipped":0,"pct":100}}
,"D:\\AI\\開発\\master\\PaymentRequestWorkflowManagement\\src\\modules\\auth\\dto\\login.dto.ts": {"lines":{"total":4,"covered":0,"skipped":0,"pct":0},"functions":{"total":0,"covered":0,"skipped":0,"pct":100},"statements":{"total":4,"covered":0,"skipped":0,"pct":0},"branches":{"total":0,"covered":0,"skipped":0,"pct":100}}
,"D:\\AI\\開発\\master\\PaymentRequestWorkflowManagement\\src\\modules\\auth\\strategies\\jwt.strategy.ts": {"lines":{"total":8,"covered":0,"skipped":0,"pct":0},"functions":{"total":2,"covered":0,"skipped":0,"pct":0},"statements":{"total":10,"covered":0,"skipped":0,"pct":0},"branches":{"total":0,"covered":0,"skipped":0,"pct":100}}
,"D:\\AI\\開発\\master\\PaymentRequestWorkflowManagement\\src\\modules\\auth\\strategies\\local.strategy.ts": {"lines":{"total":11,"covered":0,"skipped":0,"pct":0},"functions":{"total":2,"covered":0,"skipped":0,"pct":0},"statements":{"total":13,"covered":0,"skipped":0,"pct":0},"branches":{"total":1,"covered":0,"skipped":0,"pct":0}}
,"D:\\AI\\開発\\master\\PaymentRequestWorkflowManagement\\src\\modules\\manager\\manager.controller.ts": {"lines":{"total":49,"covered":0,"skipped":0,"pct":0},"functions":{"total":7,"covered":0,"skipped":0,"pct":0},"statements":{"total":51,"covered":0,"skipped":0,"pct":0},"branches":{"total":18,"covered":0,"skipped":0,"pct":0}}
,"D:\\AI\\開発\\master\\PaymentRequestWorkflowManagement\\src\\modules\\manager\\manager.module.ts": {"lines":{"total":6,"covered":0,"skipped":0,"pct":0},"functions":{"total":0,"covered":0,"skipped":0,"pct":100},"statements":{"total":8,"covered":0,"skipped":0,"pct":0},"branches":{"total":0,"covered":0,"skipped":0,"pct":100}}
,"D:\\AI\\開発\\master\\PaymentRequestWorkflowManagement\\src\\modules\\manager\\manager.service.ts": {"lines":{"total":133,"covered":0,"skipped":0,"pct":0},"functions":{"total":17,"covered":0,"skipped":0,"pct":0},"statements":{"total":138,"covered":0,"skipped":0,"pct":0},"branches":{"total":54,"covered":0,"skipped":0,"pct":0}}
,"D:\\AI\\開発\\master\\PaymentRequestWorkflowManagement\\src\\modules\\manager\\notification.controller.ts": {"lines":{"total":17,"covered":0,"skipped":0,"pct":0},"functions":{"total":4,"covered":0,"skipped":0,"pct":0},"statements":{"total":19,"covered":0,"skipped":0,"pct":0},"branches":{"total":0,"covered":0,"skipped":0,"pct":100}}
,"D:\\AI\\開発\\master\\PaymentRequestWorkflowManagement\\src\\modules\\manager\\dto\\approve-request.dto.ts": {"lines":{"total":4,"covered":0,"skipped":0,"pct":0},"functions":{"total":0,"covered":0,"skipped":0,"pct":100},"statements":{"total":4,"covered":0,"skipped":0,"pct":0},"branches":{"total":0,"covered":0,"skipped":0,"pct":100}}
,"D:\\AI\\開発\\master\\PaymentRequestWorkflowManagement\\src\\modules\\manager\\dto\\query-requests.dto.ts": {"lines":{"total":8,"covered":0,"skipped":0,"pct":0},"functions":{"total":1,"covered":0,"skipped":0,"pct":0},"statements":{"total":8,"covered":0,"skipped":0,"pct":0},"branches":{"total":0,"covered":0,"skipped":0,"pct":100}}
,"D:\\AI\\開発\\master\\PaymentRequestWorkflowManagement\\src\\modules\\manager\\dto\\reject-request.dto.ts": {"lines":{"total":4,"covered":0,"skipped":0,"pct":0},"functions":{"total":0,"covered":0,"skipped":0,"pct":100},"statements":{"total":4,"covered":0,"skipped":0,"pct":0},"branches":{"total":0,"covered":0,"skipped":0,"pct":100}}
,"D:\\AI\\開発\\master\\PaymentRequestWorkflowManagement\\src\\modules\\manager\\dto\\start-review.dto.ts": {"lines":{"total":3,"covered":0,"skipped":0,"pct":0},"functions":{"total":0,"covered":0,"skipped":0,"pct":100},"statements":{"total":3,"covered":0,"skipped":0,"pct":0},"branches":{"total":0,"covered":0,"skipped":0,"pct":100}}
,"D:\\AI\\開発\\master\\PaymentRequestWorkflowManagement\\src\\modules\\shared\\shared.module.ts": {"lines":{"total":18,"covered":0,"skipped":0,"pct":0},"functions":{"total":1,"covered":0,"skipped":0,"pct":0},"statements":{"total":20,"covered":0,"skipped":0,"pct":0},"branches":{"total":2,"covered":0,"skipped":0,"pct":0}}
,"D:\\AI\\開発\\master\\PaymentRequestWorkflowManagement\\src\\modules\\shared\\websocket.gateway.ts": {"lines":{"total":15,"covered":0,"skipped":0,"pct":0},"functions":{"total":6,"covered":0,"skipped":0,"pct":0},"statements":{"total":17,"covered":0,"skipped":0,"pct":0},"branches":{"total":0,"covered":0,"skipped":0,"pct":100}}
,"D:\\AI\\開発\\master\\PaymentRequestWorkflowManagement\\src\\modules\\shared\\decorators\\current-user.decorator.ts": {"lines":{"total":5,"covered":2,"skipped":0,"pct":40},"functions":{"total":1,"covered":0,"skipped":0,"pct":0},"statements":{"total":5,"covered":2,"skipped":0,"pct":40},"branches":{"total":2,"covered":0,"skipped":0,"pct":0}}
,"D:\\AI\\開発\\master\\PaymentRequestWorkflowManagement\\src\\modules\\shared\\decorators\\public.decorator.ts": {"lines":{"total":3,"covered":3,"skipped":0,"pct":100},"functions":{"total":1,"covered":0,"skipped":0,"pct":0},"statements":{"total":5,"covered":4,"skipped":0,"pct":80},"branches":{"total":0,"covered":0,"skipped":0,"pct":100}}
,"D:\\AI\\開発\\master\\PaymentRequestWorkflowManagement\\src\\modules\\shared\\decorators\\roles.decorator.ts": {"lines":{"total":3,"covered":3,"skipped":0,"pct":100},"functions":{"total":1,"covered":1,"skipped":0,"pct":100},"statements":{"total":5,"covered":5,"skipped":0,"pct":100},"branches":{"total":0,"covered":0,"skipped":0,"pct":100}}
,"D:\\AI\\開発\\master\\PaymentRequestWorkflowManagement\\src\\modules\\shared\\dto\\breakdown-item.dto.ts": {"lines":{"total":12,"covered":0,"skipped":0,"pct":0},"functions":{"total":4,"covered":0,"skipped":0,"pct":0},"statements":{"total":12,"covered":0,"skipped":0,"pct":0},"branches":{"total":10,"covered":0,"skipped":0,"pct":0}}
,"D:\\AI\\開発\\master\\PaymentRequestWorkflowManagement\\src\\modules\\shared\\dto\\pagination-query.dto.ts": {"lines":{"total":10,"covered":0,"skipped":0,"pct":0},"functions":{"total":4,"covered":0,"skipped":0,"pct":0},"statements":{"total":13,"covered":0,"skipped":0,"pct":0},"branches":{"total":2,"covered":0,"skipped":0,"pct":0}}
,"D:\\AI\\開発\\master\\PaymentRequestWorkflowManagement\\src\\modules\\shared\\entities\\approval-log.entity.ts": {"lines":{"total":18,"covered":16,"skipped":0,"pct":88.88},"functions":{"total":2,"covered":0,"skipped":0,"pct":0},"statements":{"total":20,"covered":18,"skipped":0,"pct":90},"branches":{"total":0,"covered":0,"skipped":0,"pct":100}}
,"D:\\AI\\開発\\master\\PaymentRequestWorkflowManagement\\src\\modules\\shared\\entities\\notification.entity.ts": {"lines":{"total":13,"covered":0,"skipped":0,"pct":0},"functions":{"total":1,"covered":0,"skipped":0,"pct":0},"statements":{"total":15,"covered":0,"skipped":0,"pct":0},"branches":{"total":0,"covered":0,"skipped":0,"pct":100}}
,"D:\\AI\\開発\\master\\PaymentRequestWorkflowManagement\\src\\modules\\shared\\entities\\payment-breakdown-item.entity.ts": {"lines":{"total":14,"covered":14,"skipped":0,"pct":100},"functions":{"total":0,"covered":0,"skipped":0,"pct":100},"statements":{"total":16,"covered":16,"skipped":0,"pct":100},"branches":{"total":0,"covered":0,"skipped":0,"pct":100}}
,"D:\\AI\\開発\\master\\PaymentRequestWorkflowManagement\\src\\modules\\shared\\entities\\payment-request.entity.ts": {"lines":{"total":44,"covered":38,"skipped":0,"pct":86.36},"functions":{"total":9,"covered":0,"skipped":0,"pct":0},"statements":{"total":49,"covered":40,"skipped":0,"pct":81.63},"branches":{"total":0,"covered":0,"skipped":0,"pct":100}}
,"D:\\AI\\開発\\master\\PaymentRequestWorkflowManagement\\src\\modules\\shared\\entities\\receipt-file.entity.ts": {"lines":{"total":14,"covered":14,"skipped":0,"pct":100},"functions":{"total":0,"covered":0,"skipped":0,"pct":100},"statements":{"total":16,"covered":16,"skipped":0,"pct":100},"branches":{"total":0,"covered":0,"skipped":0,"pct":100}}
,"D:\\AI\\開発\\master\\PaymentRequestWorkflowManagement\\src\\modules\\shared\\entities\\user.entity.ts": {"lines":{"total":14,"covered":14,"skipped":0,"pct":100},"functions":{"total":0,"covered":0,"skipped":0,"pct":100},"statements":{"total":16,"covered":16,"skipped":0,"pct":100},"branches":{"total":0,"covered":0,"skipped":0,"pct":100}}
,"D:\\AI\\開発\\master\\PaymentRequestWorkflowManagement\\src\\modules\\shared\\exceptions\\business-rule.exception.ts": {"lines":{"total":3,"covered":0,"skipped":0,"pct":0},"functions":{"total":1,"covered":0,"skipped":0,"pct":0},"statements":{"total":3,"covered":0,"skipped":0,"pct":0},"branches":{"total":2,"covered":0,"skipped":0,"pct":0}}
,"D:\\AI\\開発\\master\\PaymentRequestWorkflowManagement\\src\\modules\\shared\\exceptions\\ownership.exception.ts": {"lines":{"total":3,"covered":0,"skipped":0,"pct":0},"functions":{"total":1,"covered":0,"skipped":0,"pct":0},"statements":{"total":3,"covered":0,"skipped":0,"pct":0},"branches":{"total":0,"covered":0,"skipped":0,"pct":100}}
,"D:\\AI\\開発\\master\\PaymentRequestWorkflowManagement\\src\\modules\\shared\\filters\\http-exception.filter.ts": {"lines":{"total":19,"covered":0,"skipped":0,"pct":0},"functions":{"total":2,"covered":0,"skipped":0,"pct":0},"statements":{"total":21,"covered":0,"skipped":0,"pct":0},"branches":{"total":15,"covered":0,"skipped":0,"pct":0}}
,"D:\\AI\\開発\\master\\PaymentRequestWorkflowManagement\\src\\modules\\shared\\guards\\jwt-auth.guard.ts": {"lines":{"total":11,"covered":7,"skipped":0,"pct":63.63},"functions":{"total":2,"covered":1,"skipped":0,"pct":50},"statements":{"total":13,"covered":9,"skipped":0,"pct":69.23},"branches":{"total":1,"covered":0,"skipped":0,"pct":0}}
,"D:\\AI\\開発\\master\\PaymentRequestWorkflowManagement\\src\\modules\\shared\\guards\\ownership.guard.ts": {"lines":{"total":18,"covered":0,"skipped":0,"pct":0},"functions":{"total":2,"covered":0,"skipped":0,"pct":0},"statements":{"total":21,"covered":0,"skipped":0,"pct":0},"branches":{"total":3,"covered":0,"skipped":0,"pct":0}}
,"D:\\AI\\開発\\master\\PaymentRequestWorkflowManagement\\src\\modules\\shared\\guards\\roles.guard.ts": {"lines":{"total":12,"covered":5,"skipped":0,"pct":41.66},"functions":{"total":2,"covered":1,"skipped":0,"pct":50},"statements":{"total":14,"covered":7,"skipped":0,"pct":50},"branches":{"total":4,"covered":0,"skipped":0,"pct":0}}
,"D:\\AI\\開発\\master\\PaymentRequestWorkflowManagement\\src\\modules\\shared\\interceptors\\logging.interceptor.ts": {"lines":{"total":13,"covered":0,"skipped":0,"pct":0},"functions":{"total":3,"covered":0,"skipped":0,"pct":0},"statements":{"total":15,"covered":0,"skipped":0,"pct":0},"branches":{"total":4,"covered":0,"skipped":0,"pct":0}}
,"D:\\AI\\開発\\master\\PaymentRequestWorkflowManagement\\src\\modules\\shared\\pipes\\parse-int-optional.pipe.ts": {"lines":{"total":8,"covered":0,"skipped":0,"pct":0},"functions":{"total":1,"covered":0,"skipped":0,"pct":0},"statements":{"total":10,"covered":0,"skipped":0,"pct":0},"branches":{"total":5,"covered":0,"skipped":0,"pct":0}}
,"D:\\AI\\開発\\master\\PaymentRequestWorkflowManagement\\src\\modules\\shared\\services\\audit-log.service.ts": {"lines":{"total":11,"covered":0,"skipped":0,"pct":0},"functions":{"total":2,"covered":0,"skipped":0,"pct":0},"statements":{"total":13,"covered":0,"skipped":0,"pct":0},"branches":{"total":9,"covered":0,"skipped":0,"pct":0}}
,"D:\\AI\\開発\\master\\PaymentRequestWorkflowManagement\\src\\modules\\shared\\services\\file-upload.service.ts": {"lines":{"total":20,"covered":0,"skipped":0,"pct":0},"functions":{"total":3,"covered":0,"skipped":0,"pct":0},"statements":{"total":22,"covered":0,"skipped":0,"pct":0},"branches":{"total":2,"covered":0,"skipped":0,"pct":0}}
,"D:\\AI\\開発\\master\\PaymentRequestWorkflowManagement\\src\\modules\\shared\\services\\notification.service.ts": {"lines":{"total":18,"covered":0,"skipped":0,"pct":0},"functions":{"total":6,"covered":0,"skipped":0,"pct":0},"statements":{"total":20,"covered":0,"skipped":0,"pct":0},"branches":{"total":4,"covered":0,"skipped":0,"pct":0}}
,"D:\\AI\\開発\\master\\PaymentRequestWorkflowManagement\\src\\modules\\shared\\services\\redis.service.ts": {"lines":{"total":59,"covered":0,"skipped":0,"pct":0},"functions":{"total":12,"covered":0,"skipped":0,"pct":0},"statements":{"total":64,"covered":0,"skipped":0,"pct":0},"branches":{"total":27,"covered":0,"skipped":0,"pct":0}}
,"D:\\AI\\開発\\master\\PaymentRequestWorkflowManagement\\src\\modules\\shared\\services\\request-number.service.ts": {"lines":{"total":20,"covered":0,"skipped":0,"pct":0},"functions":{"total":2,"covered":0,"skipped":0,"pct":0},"statements":{"total":22,"covered":0,"skipped":0,"pct":0},"branches":{"total":7,"covered":0,"skipped":0,"pct":0}}
,"D:\\AI\\開発\\master\\PaymentRequestWorkflowManagement\\src\\modules\\shared\\types\\index.ts": {"lines":{"total":57,"covered":57,"skipped":0,"pct":100},"functions":{"total":7,"covered":7,"skipped":0,"pct":100},"statements":{"total":57,"covered":57,"skipped":0,"pct":100},"branches":{"total":14,"covered":14,"skipped":0,"pct":100}}
,"D:\\AI\\開発\\master\\PaymentRequestWorkflowManagement\\src\\modules\\shared\\utils\\pagination.util.ts": {"lines":{"total":2,"covered":0,"skipped":0,"pct":0},"functions":{"total":1,"covered":0,"skipped":0,"pct":0},"statements":{"total":2,"covered":0,"skipped":0,"pct":0},"branches":{"total":0,"covered":0,"skipped":0,"pct":100}}
,"D:\\AI\\開発\\master\\PaymentRequestWorkflowManagement\\src\\modules\\shared\\validators\\file-validators.ts": {"lines":{"total":8,"covered":0,"skipped":0,"pct":0},"functions":{"total":2,"covered":0,"skipped":0,"pct":0},"statements":{"total":8,"covered":0,"skipped":0,"pct":0},"branches":{"total":2,"covered":0,"skipped":0,"pct":0}}
,"D:\\AI\\開発\\master\\PaymentRequestWorkflowManagement\\src\\modules\\shared\\validators\\is-today-or-after.validator.ts": {"lines":{"total":14,"covered":0,"skipped":0,"pct":0},"functions":{"total":4,"covered":0,"skipped":0,"pct":0},"statements":{"total":18,"covered":0,"skipped":0,"pct":0},"branches":{"total":2,"covered":0,"skipped":0,"pct":0}}
,"D:\\AI\\開発\\master\\PaymentRequestWorkflowManagement\\src\\modules\\shared\\validators\\is-today-or-before.validator.ts": {"lines":{"total":14,"covered":0,"skipped":0,"pct":0},"functions":{"total":4,"covered":0,"skipped":0,"pct":0},"statements":{"total":18,"covered":0,"skipped":0,"pct":0},"branches":{"total":2,"covered":0,"skipped":0,"pct":0}}
}
